Using pre-set license
Built from '2021.3/staging' branch; Version is '2021.3.11f1 (0a5ca18544bf) revision 679073'; Using compiler version '192829333'; Build Type 'Release'
OS: 'Windows 10  (10.0.19044) 64bit Professional' Language: 'pl' Physical Memory: 32666 MB
BatchMode: 1, IsHumanControllingUs: 0, StartBugReporterOnCrash: 0, Is64bit: 1, IsPro: 1

COMMAND LINE ARGUMENTS:
C:\Program Files\Unity\Hub\Editor\2021.3.11f1\Editor\Unity.exe
-adb2
-batchMode
-noUpm
-name
AssetImportWorker4
-projectPath
D:/HackYourFuture/HackYourFuture
-logFile
Logs/AssetImportWorker4.log
-srvPort
58517
Successfully changed project path to: D:/HackYourFuture/HackYourFuture
D:/HackYourFuture/HackYourFuture
[UnityMemory] Configuration Parameters - Can be set up in boot.config
    "memorysetup-bucket-allocator-granularity=16"
    "memorysetup-bucket-allocator-bucket-count=8"
    "memorysetup-bucket-allocator-block-size=33554432"
    "memorysetup-bucket-allocator-block-count=8"
    "memorysetup-main-allocator-block-size=16777216"
    "memorysetup-thread-allocator-block-size=16777216"
    "memorysetup-gfx-main-allocator-block-size=16777216"
    "memorysetup-gfx-thread-allocator-block-size=16777216"
    "memorysetup-cache-allocator-block-size=4194304"
    "memorysetup-typetree-allocator-block-size=2097152"
    "memorysetup-profiler-bucket-allocator-granularity=16"
    "memorysetup-profiler-bucket-allocator-bucket-count=8"
    "memorysetup-profiler-bucket-allocator-block-size=33554432"
    "memorysetup-profiler-bucket-allocator-block-count=8"
    "memorysetup-profiler-allocator-block-size=16777216"
    "memorysetup-profiler-editor-allocator-block-size=1048576"
    "memorysetup-temp-allocator-size-main=16777216"
    "memorysetup-job-temp-allocator-block-size=2097152"
    "memorysetup-job-temp-allocator-block-size-background=1048576"
    "memorysetup-job-temp-allocator-reduction-small-platforms=262144"
    "memorysetup-temp-allocator-size-background-worker=32768"
    "memorysetup-temp-allocator-size-job-worker=262144"
    "memorysetup-temp-allocator-size-preload-manager=33554432"
    "memorysetup-temp-allocator-size-nav-mesh-worker=65536"
    "memorysetup-temp-allocator-size-audio-worker=65536"
    "memorysetup-temp-allocator-size-cloud-worker=32768"
    "memorysetup-temp-allocator-size-gi-baking-worker=262144"
    "memorysetup-temp-allocator-size-gfx=262144"
Refreshing native plugins compatible for Editor in 151.36 ms, found 3 plugins.
Preloading 0 native plugins for Editor in 0.00 ms.
Initialize engine version: 2021.3.11f1 (0a5ca18544bf)
[Subsystems] Discovering subsystems at path C:/Program Files/Unity/Hub/Editor/2021.3.11f1/Editor/Data/Resources/UnitySubsystems
[Subsystems] Discovering subsystems at path D:/HackYourFuture/HackYourFuture/Assets
GfxDevice: creating device client; threaded=0; jobified=0
Direct3D:
    Version:  Direct3D 11.0 [level 11.1]
    Renderer: NVIDIA GeForce RTX 2080 SUPER (ID=0x1e81)
    Vendor:   NVIDIA
    VRAM:     8010 MB
    Driver:   31.0.15.1694
Initialize mono
Mono path[0] = 'C:/Program Files/Unity/Hub/Editor/2021.3.11f1/Editor/Data/Managed'
Mono path[1] = 'C:/Program Files/Unity/Hub/Editor/2021.3.11f1/Editor/Data/MonoBleedingEdge/lib/mono/unityjit-win32'
Mono config path = 'C:/Program Files/Unity/Hub/Editor/2021.3.11f1/Editor/Data/MonoBleedingEdge/etc'
Using monoOptions --debugger-agent=transport=dt_socket,embedding=1,server=y,suspend=n,address=127.0.0.1:56040
Begin MonoManager ReloadAssembly
Registering precompiled unity dll's ...
Register platform support module: C:/Program Files/Unity/Hub/Editor/2021.3.11f1/Editor/Data/PlaybackEngines/WindowsStandaloneSupport/UnityEditor.WindowsStandalone.Extensions.dll
Registered in 0.020034 seconds.
Native extension for WindowsStandalone target not found
Refreshing native plugins compatible for Editor in 175.61 ms, found 3 plugins.
Preloading 0 native plugins for Editor in 0.00 ms.
Mono: successfully reloaded assembly
- Completed reload, in  1.076 seconds
Domain Reload Profiling:
	ReloadAssembly (1076ms)
		BeginReloadAssembly (174ms)
			ExecutionOrderSort (0ms)
			DisableScriptedObjects (0ms)
			BackupInstance (0ms)
			ReleaseScriptingObjects (0ms)
			CreateAndSetChildDomain (1ms)
		EndReloadAssembly (698ms)
			LoadAssemblies (163ms)
			RebuildTransferFunctionScriptingTraits (0ms)
			SetupTypeCache (160ms)
			ReleaseScriptCaches (0ms)
			RebuildScriptCaches (37ms)
			SetupLoadedEditorAssemblies (415ms)
				LogAssemblyErrors (0ms)
				InitializePlatformSupportModulesInManaged (14ms)
				SetLoadedEditorAssemblies (0ms)
				RefreshPlugins (176ms)
				BeforeProcessingInitializeOnLoad (2ms)
				ProcessInitializeOnLoadAttributes (168ms)
				ProcessInitializeOnLoadMethodAttributes (55ms)
				AfterProcessingInitializeOnLoad (0ms)
				EditorAssembliesLoaded (0ms)
			ExecutionOrderSort2 (0ms)
			AwakeInstancesAfterBackupRestoration (0ms)
Platform modules already initialized, skipping
Registering precompiled user dll's ...
Registered in 0.008206 seconds.
Begin MonoManager ReloadAssembly
Symbol file LoadedFromMemory doesn't match image D:\HackYourFuture\HackYourFuture\Library\PackageCache\com.unity.visualscripting@1.7.8\Editor\VisualScripting.Core\Dependencies\YamlDotNet\Unity.VisualScripting.YamlDotNet.dll
Symbol file LoadedFromMemory doesn't match image D:\HackYourFuture\HackYourFuture\Library\PackageCache\com.unity.visualscripting@1.7.8\Editor\VisualScripting.Core\Dependencies\DotNetZip\Unity.VisualScripting.IonicZip.dll
Native extension for WindowsStandalone target not found
Refreshing native plugins compatible for Editor in 134.14 ms, found 3 plugins.
Preloading 0 native plugins for Editor in 0.00 ms.
Mono: successfully reloaded assembly
- Completed reload, in  1.621 seconds
Domain Reload Profiling:
	ReloadAssembly (1622ms)
		BeginReloadAssembly (184ms)
			ExecutionOrderSort (0ms)
			DisableScriptedObjects (7ms)
			BackupInstance (0ms)
			ReleaseScriptingObjects (0ms)
			CreateAndSetChildDomain (23ms)
		EndReloadAssembly (1276ms)
			LoadAssemblies (154ms)
			RebuildTransferFunctionScriptingTraits (0ms)
			SetupTypeCache (322ms)
			ReleaseScriptCaches (1ms)
			RebuildScriptCaches (60ms)
			SetupLoadedEditorAssemblies (719ms)
				LogAssemblyErrors (0ms)
				InitializePlatformSupportModulesInManaged (8ms)
				SetLoadedEditorAssemblies (0ms)
				RefreshPlugins (134ms)
				BeforeProcessingInitializeOnLoad (126ms)
				ProcessInitializeOnLoadAttributes (388ms)
				ProcessInitializeOnLoadMethodAttributes (31ms)
				AfterProcessingInitializeOnLoad (30ms)
				EditorAssembliesLoaded (0ms)
			ExecutionOrderSort2 (0ms)
			AwakeInstancesAfterBackupRestoration (12ms)
Platform modules already initialized, skipping
========================================================================
Worker process is ready to serve import requests
Launched and connected shader compiler UnityShaderCompiler.exe after 0.06 seconds
Refreshing native plugins compatible for Editor in 1.16 ms, found 3 plugins.
Preloading 0 native plugins for Editor in 0.00 ms.
Unloading 3580 Unused Serialized files (Serialized files now loaded: 0)
Unloading 49 unused Assets / (1.6 MB). Loaded Objects now: 4056.
Memory consumption went from 167.8 MB to 166.3 MB.
Total: 3.473400 ms (FindLiveObjects: 0.298400 ms CreateObjectMapping: 0.165200 ms MarkObjects: 2.655400 ms  DeleteObjects: 0.353700 ms)

AssetImportParameters requested are different than current active one (requested -> active):
  custom:video-decoder-ogg-theora: a1e56fd34408186e4bbccfd4996cb3dc -> 
  custom:container-muxer-webm: aa71ff27fc2769a1b78a27578f13a17b -> 
  custom:container-demuxer-webm: 4f35f7cbe854078d1ac9338744f61a02 -> 
  custom:video-encoder-webm-vp8: eb34c28f22e8b96e1ab97ce403110664 -> 
  custom:audio-encoder-webm-vorbis: bf7c407c2cedff20999df2af8eb42d56 -> 
  custom:framework-win-MediaFoundation: 216162199b28c13a410421893ffa2e32 -> 
  custom:container-demuxer-ogg: 62fdf1f143b41e24485cea50d1cbac27 -> 
  custom:video-decoder-webm-vp8: 9c59270c3fd7afecdb556c50c9e8de78 -> 
  custom:audio-decoder-ogg-vorbis: bf7c407c2cedff20999df2af8eb42d56 -> 
========================================================================
Received Import Request.
  Time since last request: 9459.723179 seconds.
  path: Assets/PolygonFantasyKingdom/Models/SM_Env_Grass_Tuft_01.fbx
  artifactKey: Guid(9d06e996910c5e74badd85e3fd2bc777) Importer(815301076,1909f56bfc062723c751e8b465ee728b)
Start importing Assets/PolygonFantasyKingdom/Models/SM_Env_Grass_Tuft_01.fbx using Guid(9d06e996910c5e74badd85e3fd2bc777) Importer(815301076,1909f56bfc062723c751e8b465ee728b)  -> (artifact id: '641f643f079494748a4844fbfb171f79') in 0.158233 seconds 
========================================================================
Received Import Request.
  Time since last request: 0.265493 seconds.
  path: Assets/PolygonFantasyKingdom/Prefabs/Environments/SM_Env_Grass_Tuft_03.prefab
  artifactKey: Guid(632d296771cf4a848825cb402af539a1) Importer(815301076,1909f56bfc062723c751e8b465ee728b)
Start importing Assets/PolygonFantasyKingdom/Prefabs/Environments/SM_Env_Grass_Tuft_03.prefab using Guid(632d296771cf4a848825cb402af539a1) Importer(815301076,1909f56bfc062723c751e8b465ee728b)  -> (artifact id: '60696914d8586be244fee0ba56f5cb4c') in 0.014672 seconds 
========================================================================
Received Import Request.
  Time since last request: 0.000023 seconds.
  path: Assets/PolygonFantasyKingdom/Prefabs/Generic/SM_Generic_Grass_Patch_01.prefab
  artifactKey: Guid(c97249061602607499e14777fbd7b065) Importer(815301076,1909f56bfc062723c751e8b465ee728b)
Start importing Assets/PolygonFantasyKingdom/Prefabs/Generic/SM_Generic_Grass_Patch_01.prefab using Guid(c97249061602607499e14777fbd7b065) Importer(815301076,1909f56bfc062723c751e8b465ee728b)  -> (artifact id: 'ebed05d51d7c9e9fe121f6bf577bc6cc') in 0.011765 seconds 
========================================================================
Received Import Request.
  Time since last request: 0.000023 seconds.
  path: Assets/PolygonFantasyKingdom/Models/SM_Generic_Grass_Patch_02.fbx
  artifactKey: Guid(f852d85a21e7eb14db2009499113944a) Importer(815301076,1909f56bfc062723c751e8b465ee728b)
Start importing Assets/PolygonFantasyKingdom/Models/SM_Generic_Grass_Patch_02.fbx using Guid(f852d85a21e7eb14db2009499113944a) Importer(815301076,1909f56bfc062723c751e8b465ee728b)  -> (artifact id: '264866f6438fff42b112dd0cf6dd0485') in 0.020400 seconds 
========================================================================
Received Import Request.
  Time since last request: 0.000025 seconds.
  path: Assets/PolygonFantasyKingdom/Prefabs/Generic/SM_Generic_Mountains_Grass_01.prefab
  artifactKey: Guid(9558b56ef0b89dd408cb6b1e57367887) Importer(815301076,1909f56bfc062723c751e8b465ee728b)
Start importing Assets/PolygonFantasyKingdom/Prefabs/Generic/SM_Generic_Mountains_Grass_01.prefab using Guid(9558b56ef0b89dd408cb6b1e57367887) Importer(815301076,1909f56bfc062723c751e8b465ee728b)  -> (artifact id: '4f00cca467634b125b31a49b20e45eed') in 0.013162 seconds 
========================================================================
Received Import Request.
  Time since last request: 0.000020 seconds.
  path: Assets/PolygonFantasyKingdom/Models/SM_Generic_Grass_Patch_03.fbx
  artifactKey: Guid(347a8cf8a2e4cf44d92eb6ee085c6e2a) Importer(815301076,1909f56bfc062723c751e8b465ee728b)
Start importing Assets/PolygonFantasyKingdom/Models/SM_Generic_Grass_Patch_03.fbx using Guid(347a8cf8a2e4cf44d92eb6ee085c6e2a) Importer(815301076,1909f56bfc062723c751e8b465ee728b)  -> (artifact id: 'f28b3ca9bd9d712db58ff3835f730e07') in 0.015814 seconds 
========================================================================
Received Import Request.
  Time since last request: 0.000026 seconds.
  path: Assets/PolygonFantasyKingdom/Prefabs/Generic/SM_Generic_Grass_Patch_02.prefab
  artifactKey: Guid(be4db02a3a0b4234b8459de1d4ff53e5) Importer(815301076,1909f56bfc062723c751e8b465ee728b)
Start importing Assets/PolygonFantasyKingdom/Prefabs/Generic/SM_Generic_Grass_Patch_02.prefab using Guid(be4db02a3a0b4234b8459de1d4ff53e5) Importer(815301076,1909f56bfc062723c751e8b465ee728b)  -> (artifact id: '87e549971a212839c77660e2595967ec') in 0.009532 seconds 
========================================================================
Received Import Request.
  Time since last request: 0.000021 seconds.
  path: Assets/PolygonFantasyKingdom/Models/SM_Generic_Mountains_Grass_02.fbx
  artifactKey: Guid(c9561d34c9f8bbf45a907fa3d9c499c8) Importer(815301076,1909f56bfc062723c751e8b465ee728b)
Start importing Assets/PolygonFantasyKingdom/Models/SM_Generic_Mountains_Grass_02.fbx using Guid(c9561d34c9f8bbf45a907fa3d9c499c8) Importer(815301076,1909f56bfc062723c751e8b465ee728b)  -> (artifact id: 'f0d5fc911b8e15b9a3e12cf6b9c6848d') in 0.022030 seconds 
========================================================================
Received Import Request.
  Time since last request: 0.000018 seconds.
  path: Assets/PolygonFantasyKingdom/Prefabs/Environments/SM_Env_Grass_WallEdge_02.prefab
  artifactKey: Guid(f2540e15210564f46a08858722f88025) Importer(815301076,1909f56bfc062723c751e8b465ee728b)
Start importing Assets/PolygonFantasyKingdom/Prefabs/Environments/SM_Env_Grass_WallEdge_02.prefab using Guid(f2540e15210564f46a08858722f88025) Importer(815301076,1909f56bfc062723c751e8b465ee728b)  -> (artifact id: 'c8bba65746125498e910aba58955b693') in 0.010542 seconds 
========================================================================
Received Import Request.
  Time since last request: 0.000022 seconds.
  path: Assets/PolygonFantasyKingdom/Prefabs/Bonus/SM_Prop_Gravestone_01.prefab
  artifactKey: Guid(81ed4398cc8b1af4fa512185b3fa7d51) Importer(815301076,1909f56bfc062723c751e8b465ee728b)
Start importing Assets/PolygonFantasyKingdom/Prefabs/Bonus/SM_Prop_Gravestone_01.prefab using Guid(81ed4398cc8b1af4fa512185b3fa7d51) Importer(815301076,1909f56bfc062723c751e8b465ee728b)  -> (artifact id: '257d88e81f3d68b67757145e66c771a2') in 0.006708 seconds 
========================================================================
Received Import Request.
  Time since last request: 0.000027 seconds.
  path: Assets/PolygonFantasyKingdom/Prefabs/Bonus/SM_Prop_Gravestone_Broken_02.prefab
  artifactKey: Guid(531899799445d14449c5fea669ed29c8) Importer(815301076,1909f56bfc062723c751e8b465ee728b)
Start importing Assets/PolygonFantasyKingdom/Prefabs/Bonus/SM_Prop_Gravestone_Broken_02.prefab using Guid(531899799445d14449c5fea669ed29c8) Importer(815301076,1909f56bfc062723c751e8b465ee728b)  -> (artifact id: '128f9903a5cf702118e77ad319f386c1') in 0.005984 seconds 
========================================================================
Received Import Request.
  Time since last request: 0.000028 seconds.
  path: Assets/PolygonFantasyKingdom/Prefabs/Bonus/SM_Prop_Gravestone_05.prefab
  artifactKey: Guid(e2fadaacf2fbba8498ae8b74889039b0) Importer(815301076,1909f56bfc062723c751e8b465ee728b)
Start importing Assets/PolygonFantasyKingdom/Prefabs/Bonus/SM_Prop_Gravestone_05.prefab using Guid(e2fadaacf2fbba8498ae8b74889039b0) Importer(815301076,1909f56bfc062723c751e8b465ee728b)  -> (artifact id: '56d5c40eabbfe412221218a86b36e9cc') in 0.005885 seconds 
========================================================================
Received Import Request.
  Time since last request: 0.000019 seconds.
  path: Assets/PolygonFantasyKingdom/Prefabs/Generic/SM_Generic_Mountains_Grass_02.prefab
  artifactKey: Guid(57fb6ee7806531e47a024bd9581f8972) Importer(815301076,1909f56bfc062723c751e8b465ee728b)
Start importing Assets/PolygonFantasyKingdom/Prefabs/Generic/SM_Generic_Mountains_Grass_02.prefab using Guid(57fb6ee7806531e47a024bd9581f8972) Importer(815301076,1909f56bfc062723c751e8b465ee728b)  -> (artifact id: '89b3a8e58abe331e4ff4a50afb940478') in 0.014579 seconds 
========================================================================
Received Import Request.
  Time since last request: 0.000018 seconds.
  path: Assets/PolygonFantasyKingdom/Prefabs/Bonus/SM_Prop_Gravestone_Dirt_01.prefab
  artifactKey: Guid(1d64c5fdb9b76b54081dc2ea190ef807) Importer(815301076,1909f56bfc062723c751e8b465ee728b)
Start importing Assets/PolygonFantasyKingdom/Prefabs/Bonus/SM_Prop_Gravestone_Dirt_01.prefab using Guid(1d64c5fdb9b76b54081dc2ea190ef807) Importer(815301076,1909f56bfc062723c751e8b465ee728b)  -> (artifact id: '0af78d5771a559a32818b8fc4edbb51b') in 0.006082 seconds 
========================================================================
Received Import Request.
  Time since last request: 0.000030 seconds.
  path: Assets/PolygonFantasyKingdom/Prefabs/Props/SM_Prop_Wall_Grate_01.prefab
  artifactKey: Guid(bfa8d69ff639dc04c8b21e4d7da3bfb8) Importer(815301076,1909f56bfc062723c751e8b465ee728b)
Start importing Assets/PolygonFantasyKingdom/Prefabs/Props/SM_Prop_Wall_Grate_01.prefab using Guid(bfa8d69ff639dc04c8b21e4d7da3bfb8) Importer(815301076,1909f56bfc062723c751e8b465ee728b)  -> (artifact id: 'ff901d957601f63a51082d2fa448ff4a') in 0.012490 seconds 
========================================================================
Received Import Request.
  Time since last request: 0.000019 seconds.
  path: Assets/PolygonFantasyKingdom/Models/SM_Generic_Mountains_Grass_01.fbx
  artifactKey: Guid(558c0d8856ee1b74c8e904193a5afe72) Importer(815301076,1909f56bfc062723c751e8b465ee728b)
Start importing Assets/PolygonFantasyKingdom/Models/SM_Generic_Mountains_Grass_01.fbx using Guid(558c0d8856ee1b74c8e904193a5afe72) Importer(815301076,1909f56bfc062723c751e8b465ee728b)  -> (artifact id: '3ca2aa7b00966ee23ca1c9938798ba98') in 0.015068 seconds 
Editor requested this worker to shutdown with reason: Scaling down because of idle timeout
AssetImportWorker is now disconnected from the server
Process exiting
Exiting without the bug reporter. Application will terminate with return code 0